[2020-01-30 19:09:33.039] [exthost] [info] extension host started
[2020-01-30 19:09:34.148] [exthost] [info] extension host started
[2020-01-30 19:09:34.188] [exthost] [info] ExtensionService#_doActivateExtension HookyQR.beautify {"startup":true,"activationEvent":"*"}
[2020-01-30 19:09:34.188] [exthost] [info] ExtensionService#loadCommonJSModule C:\Users\rotem\AppData\Local\Angular IDE\plugins\pack.core.win_3.6.0.201910290238\HookyQR.beautify-1.4.11\extension
[2020-01-30 19:09:34.282] [exthost] [info] ExtensionService#_doActivateExtension christian-kohler.path-intellisense {"startup":true,"activationEvent":"*"}
[2020-01-30 19:09:34.282] [exthost] [info] ExtensionService#loadCommonJSModule C:\Users\rotem\AppData\Local\Angular IDE\plugins\pack.core.win_3.6.0.201910290238\christian-kohler.path-intellisense-1.4.2\out\src\extension
[2020-01-30 19:09:34.302] [exthost] [info] ExtensionService#_doActivateExtension dbaeumer.vscode-eslint {"startup":true,"activationEvent":"*"}
[2020-01-30 19:09:34.302] [exthost] [info] ExtensionService#loadCommonJSModule C:\Users\rotem\AppData\Local\Angular IDE\plugins\pack.core.win_3.6.0.201910290238\dbaeumer.vscode-eslint-1.9.0\client\out\extension
[2020-01-30 19:09:34.363] [exthost] [info] ExtensionService#_doActivateExtension vscode.debug-auto-launch {"startup":true,"activationEvent":"*"}
[2020-01-30 19:09:34.363] [exthost] [info] ExtensionService#loadCommonJSModule c:\Users\rotem\AppData\Local\Angular IDE\plugins\com.genuitec.eclipse.code.engine.app.win32.x86_64_3.6.0.201910290238\engine\resources\app\extensions\debug-auto-launch\dist\extension
[2020-01-30 19:09:34.369] [exthost] [info] ExtensionService#_doActivateExtension vscode.emmet {"startup":true,"activationEvent":"*"}
[2020-01-30 19:09:34.369] [exthost] [info] ExtensionService#loadCommonJSModule c:\Users\rotem\AppData\Local\Angular IDE\plugins\com.genuitec.eclipse.code.engine.app.win32.x86_64_3.6.0.201910290238\engine\resources\app\extensions\emmet\dist\extension
[2020-01-30 19:09:34.393] [exthost] [info] ExtensionService#_doActivateExtension formulahendry.auto-close-tag {"startup":true,"activationEvent":"*"}
[2020-01-30 19:09:34.393] [exthost] [info] ExtensionService#loadCommonJSModule C:\Users\rotem\AppData\Local\Angular IDE\plugins\pack.core.win_3.6.0.201910290238\formulahendry.auto-close-tag-0.5.6\out\src\extension
[2020-01-30 19:09:34.395] [exthost] [info] ExtensionService#_doActivateExtension vscode.configuration-editing {"startup":false,"activationEvent":"onLanguage:jsonc"}
[2020-01-30 19:09:34.395] [exthost] [info] ExtensionService#loadCommonJSModule c:\Users\rotem\AppData\Local\Angular IDE\plugins\com.genuitec.eclipse.code.engine.app.win32.x86_64_3.6.0.201910290238\engine\resources\app\extensions\configuration-editing\dist\extension
[2020-01-30 19:09:34.404] [exthost] [info] ExtensionService#_doActivateExtension vscode.json-language-features {"startup":false,"activationEvent":"onLanguage:jsonc"}
[2020-01-30 19:09:34.405] [exthost] [info] ExtensionService#loadCommonJSModule c:\Users\rotem\AppData\Local\Angular IDE\plugins\com.genuitec.eclipse.code.engine.app.win32.x86_64_3.6.0.201910290238\engine\resources\app\extensions\json-language-features\client\dist\jsonMain
[2020-01-30 19:09:34.515] [exthost] [info] ExtensionService#_doActivateExtension vscode.typescript-language-features {"startup":false,"activationEvent":"onLanguage:jsonc"}
[2020-01-30 19:09:34.515] [exthost] [info] ExtensionService#loadCommonJSModule c:\Users\rotem\AppData\Local\Angular IDE\plugins\com.genuitec.eclipse.code.engine.app.win32.x86_64_3.6.0.201910290238\engine\resources\app\extensions\typescript-language-features\dist\extension
[2020-01-30 19:09:34.601] [exthost] [info] ExtensionService#_doActivateExtension vscode.grunt {"startup":false,"activationEvent":"onCommand:workbench.action.tasks.runTask"}
[2020-01-30 19:09:34.601] [exthost] [info] ExtensionService#loadCommonJSModule c:\Users\rotem\AppData\Local\Angular IDE\plugins\com.genuitec.eclipse.code.engine.app.win32.x86_64_3.6.0.201910290238\engine\resources\app\extensions\grunt\dist\main
[2020-01-30 19:09:34.606] [exthost] [info] ExtensionService#_doActivateExtension vscode.gulp {"startup":false,"activationEvent":"onCommand:workbench.action.tasks.runTask"}
[2020-01-30 19:09:34.606] [exthost] [info] ExtensionService#loadCommonJSModule c:\Users\rotem\AppData\Local\Angular IDE\plugins\com.genuitec.eclipse.code.engine.app.win32.x86_64_3.6.0.201910290238\engine\resources\app\extensions\gulp\dist\main
[2020-01-30 19:09:34.611] [exthost] [info] ExtensionService#_doActivateExtension vscode.jake {"startup":false,"activationEvent":"onCommand:workbench.action.tasks.runTask"}
[2020-01-30 19:09:34.611] [exthost] [info] ExtensionService#loadCommonJSModule c:\Users\rotem\AppData\Local\Angular IDE\plugins\com.genuitec.eclipse.code.engine.app.win32.x86_64_3.6.0.201910290238\engine\resources\app\extensions\jake\dist\main
[2020-01-30 19:09:34.616] [exthost] [info] ExtensionService#_doActivateExtension vscode.npm {"startup":false,"activationEvent":"onCommand:workbench.action.tasks.runTask"}
[2020-01-30 19:09:34.616] [exthost] [info] ExtensionService#loadCommonJSModule c:\Users\rotem\AppData\Local\Angular IDE\plugins\com.genuitec.eclipse.code.engine.app.win32.x86_64_3.6.0.201910290238\engine\resources\app\extensions\npm\dist\main
[2020-01-30 19:09:34.642] [exthost] [info] eager extensions activated
